#
# A fatal error has been detected by the Java Runtime Environment:
#
#  EXCEPTION_ACCESS_VIOLATION (0xc0000005) at pc=0x0000000068cb81c0, pid=1128, tid=0x0000000000001810
#
# JRE version: Java(TM) SE Runtime Environment (8.0_271-b09) (build 1.8.0_271-b09)
# Java VM: Java HotSpot(TM) 64-Bit Server VM (25.271-b09 mixed mode windows-amd64 compressed oops)
# Problematic frame:
# V  [jvm.dll+0xc81c0]
#
# Failed to write core dump. Minidumps are not enabled by default on client versions of Windows
#
# If you would like to submit a bug report, please visit:
#   http://bugreport.java.com/bugreport/crash.jsp
#

---------------  T H R E A D  ---------------

Current thread (0x00000020b6698800):  GCTaskThread [stack: 0x00000020c7eb0000,0x00000020c7fb0000] [id=6160]

siginfo: ExceptionCode=0xc0000005, reading address 0x0000000693434ca0

Registers:
RAX=0x00000020c80b0000, RBX=0x000000072503e340, RCX=0x000000072503e340, RDX=0x0000000693434c98
RSP=0x00000020c7faf768, RBP=0x00000020b6660660, RSI=0x0000000000000000, RDI=0x000000072503e330
R8 =0x000000000001a1f1, R9 =0x00000007c001cb98, R10=0x0000000000012d6f, R11=0x000000072503e310
R12=0x0000000000000000, R13=0x00000007c001cde0, R14=0x00000007c001cdd8, R15=0x0000000000000003
RIP=0x0000000068cb81c0, EFLAGS=0x0000000000010202

Top of Stack: (sp=0x00000020c7faf768)
0x00000020c7faf768:   0000000068d12937 000000072503e310
0x00000020c7faf778:   00000020b6660660 0000000000000001
0x00000020c7faf788:   0000000000000002 000000072503e330
0x00000020c7faf798:   0000000068d131a6 000000072503e340
0x00000020c7faf7a8:   0000000725045174 00000020b6660660
0x00000020c7faf7b8:   0000000068d2311f 000000006921b6a0
0x00000020c7faf7c8:   0000000000000000 00000020b6720e20
0x00000020c7faf7d8:   00000020b6660660 00000020c7faf870
0x00000020c7faf7e8:   0000000068fc9dca 00000020b6698f80
0x00000020c7faf7f8:   00000020b6693c20 000000072503e320
0x00000020c7faf808:   0000000000012d6d 00000020c7faf8d0
0x00000020c7faf818:   0000000068d12962 000000072310d1d8
0x00000020c7faf828:   00000020b6723510 00000020d2b68730
0x00000020c7faf838:   000000000000000d 00000020b6660660
0x00000020c7faf848:   0000000068d0ccf1 00000020ce805a48
0x00000020c7faf858:   0000000000000000 0000000000000000 

Instructions: (pc=0x0000000068cb81c0)
0x0000000068cb81a0:   e9 03 48 c1 e8 03 41 23 c1 c3 49 8b 00 49 8b c8
0x0000000068cb81b0:   48 ff a0 e8 00 00 00 cc cc cc cc cc cc cc cc cc
0x0000000068cb81c0:   44 8b 42 08 4c 8b ca 45 85 c0 7e 0e 41 f6 c0 01
0x0000000068cb81d0:   75 55 41 c1 f8 03 41 8b c0 c3 79 4b 80 3d ed 0c 


Register to memory mapping:

RAX=0x00000020c80b0000 is an unknown value
RBX=
[error occurred during error reporting (printing register info), id 0xc0000005]

Stack: [0x00000020c7eb0000,0x00000020c7fb0000],  sp=0x00000020c7faf768,  free space=1021k
Native frames: (J=compiled Java code, j=interpreted, Vv=VM code, C=native code)
V  [jvm.dll+0xc81c0]


---------------  P R O C E S S  ---------------

Java Threads: ( => current thread )
  0x00000020d5ac5800 JavaThread "Thread-119" [_thread_blocked, id=8756, stack(0x00000020d3b70000,0x00000020d3c70000)]
  0x00000020d5ca1000 JavaThread "Catalina-utility-2" [_thread_blocked, id=6876, stack(0x00000020ddd00000,0x00000020dde00000)]
  0x00000020d5ca4000 JavaThread "Catalina-utility-1" [_thread_blocked, id=6204, stack(0x00000020ddc00000,0x00000020ddd00000)]
  0x00000020d5c9e800 JavaThread "File Watcher" daemon [_thread_blocked, id=7632, stack(0x00000020dd800000,0x00000020dd900000)]
  0x00000020d5ca0000 JavaThread "File Watcher" daemon [_thread_blocked, id=10580, stack(0x00000020dd400000,0x00000020dd500000)]
  0x00000020d5c9e000 JavaThread "File Watcher" daemon [_thread_blocked, id=2232, stack(0x00000020dd100000,0x00000020dd200000)]
  0x00000020d5c9a000 JavaThread "File Watcher" daemon [_thread_blocked, id=5608, stack(0x00000020dd000000,0x00000020dd100000)]
  0x00000020d5c9c800 JavaThread "File Watcher" daemon [_thread_blocked, id=10528, stack(0x00000020dbc00000,0x00000020dbd00000)]
  0x00000020d5c99800 JavaThread "File Watcher" daemon [_thread_blocked, id=10296, stack(0x00000020dd300000,0x00000020dd400000)]
  0x00000020d5ac0800 JavaThread "File Watcher" daemon [_thread_blocked, id=12988, stack(0x00000020dd200000,0x00000020dd300000)]
  0x00000020d5ac1000 JavaThread "File Watcher" daemon [_thread_blocked, id=14104, stack(0x00000020dbe00000,0x00000020dbf00000)]
  0x00000020d5ac2000 JavaThread "File Watcher" daemon [_thread_blocked, id=7640, stack(0x00000020dbf00000,0x00000020dc000000)]
  0x00000020d5abf000 JavaThread "File Watcher" daemon [_thread_blocked, id=4988, stack(0x00000020dbd00000,0x00000020dbe00000)]
  0x00000020d5abb000 JavaThread "File Watcher" daemon [_thread_blocked, id=12648, stack(0x00000020db9d0000,0x00000020dbad0000)]
  0x00000020d5abd800 JavaThread "File Watcher" daemon [_thread_blocked, id=9928, stack(0x00000020d3f10000,0x00000020d4010000)]
  0x00000020d5abc800 JavaThread "File Watcher" daemon [_thread_blocked, id=780, stack(0x00000020d1ea0000,0x00000020d1fa0000)]
  0x00000020d5abe000 JavaThread "File Watcher" daemon [_thread_blocked, id=13444, stack(0x00000020db8d0000,0x00000020db9d0000)]
  0x00000020d5abc000 JavaThread "File Watcher" daemon [_thread_blocked, id=8000, stack(0x00000020d9610000,0x00000020d9710000)]
  0x00000020d5aba800 JavaThread "File Watcher" daemon [_thread_blocked, id=2984, stack(0x00000020d6c40000,0x00000020d6d40000)]
  0x00000020d5c98800 JavaThread "File Watcher" daemon [_thread_blocked, id=4860, stack(0x00000020d8fc0000,0x00000020d90c0000)]
  0x00000020d5c9b800 JavaThread "File Watcher" daemon [_thread_blocked, id=10320, stack(0x00000020d7040000,0x00000020d7140000)]
  0x00000020d5c9b000 JavaThread "File Watcher" daemon [_thread_blocked, id=5712, stack(0x00000020d6d40000,0x00000020d6e40000)]
  0x00000020d5ca1800 JavaThread "DestroyJavaVM" [_thread_blocked, id=3000, stack(0x00000020b7f70000,0x00000020b8070000)]
  0x00000020d4dac000 JavaThread "Live Reload Server" daemon [_thread_in_native, id=9812, stack(0x00000020dadd0000,0x00000020daed0000)]
  0x00000020d4da6000 JavaThread "mysql-cj-abandoned-connection-cleanup" daemon [_thread_blocked, id=11492, stack(0x00000020d50a0000,0x00000020d51a0000)]
  0x00000020cdf96000 JavaThread "Service Thread" daemon [_thread_blocked, id=9160, stack(0x00000020cf900000,0x00000020cfa00000)]
  0x00000020cdf1f800 JavaThread "C1 CompilerThread2" daemon [_thread_blocked, id=10736, stack(0x00000020cf800000,0x00000020cf900000)]
  0x00000020cdf17000 JavaThread "C2 CompilerThread1" daemon [_thread_blocked, id=6828, stack(0x00000020cf700000,0x00000020cf800000)]
  0x00000020cdf12800 JavaThread "C2 CompilerThread0" daemon [_thread_blocked, id=6136, stack(0x00000020cf600000,0x00000020cf700000)]
  0x00000020cdf0d000 JavaThread "Attach Listener" daemon [_thread_blocked, id=13124, stack(0x00000020cf500000,0x00000020cf600000)]
  0x00000020cdf0c000 JavaThread "Signal Dispatcher" daemon [_thread_blocked, id=6960, stack(0x00000020cf400000,0x00000020cf500000)]
  0x00000020cdeeb000 JavaThread "Finalizer" daemon [_thread_blocked, id=5100, stack(0x00000020cf210000,0x00000020cf310000)]
  0x00000020cdee1800 JavaThread "Reference Handler" daemon [_thread_blocked, id=3820, stack(0x00000020cf110000,0x00000020cf210000)]

Other Threads:
  0x00000020cdeb9000 VMThread [stack: 0x00000020cf010000,0x00000020cf110000] [id=10476]
  0x00000020cfa03800 WatcherThread [stack: 0x00000020cfe00000,0x00000020cff00000] [id=12892]

=>0x00000020b6698800 (exited) GCTaskThread [stack: 0x00000020c7eb0000,0x00000020c7fb0000] [id=6160]

VM state:at safepoint (normal execution)

VM Mutex/Monitor currently owned by a thread:  ([mutex/lock_event])
[0x00000020b667a5e0] Threads_lock - owner thread: 0x00000020cdeb9000
[0x00000020b667b670] Heap_lock - owner thread: 0x00000020d5ac5800

heap address: 0x0000000721c00000, size: 2532 MB, Compressed Oops mode: Zero based, Oop shift amount: 3
Narrow klass base: 0x0000000000000000, Narrow klass shift: 3
Compressed class space size: 1073741824 Address: 0x00000007c0000000

Heap:
 PSYoungGen      total 641024K, used 25064K [0x000000078b400000, 0x00000007bbe00000, 0x00000007c0000000)
  eden space 615936K, 0% used [0x000000078b400000,0x000000078b400000,0x00000007b0d80000)
  from space 25088K, 99% used [0x00000007ba580000,0x00000007bbdfa090,0x00000007bbe00000)
  to   space 43008K, 0% used [0x00000007b6a00000,0x00000007b6a00000,0x00000007b9400000)
 ParOldGen       total 271872K, used 182496K [0x0000000721c00000, 0x0000000732580000, 0x000000078b400000)
  object space 271872K, 67% used [0x0000000721c00000,0x000000072ce380b8,0x0000000732580000)
 Metaspace       used 98943K, capacity 107952K, committed 108200K, reserved 1142784K
  class space    used 11885K, capacity 13874K, committed 13992K, reserved 1048576K

Card table byte_map: [0x00000020c7460000,0x00000020c7960000] byte_map_base: 0x00000020c3b52000

Marking Bits: (ParMarkBitMap*) 0x00000000693e7fe0
 Begin Bits: [0x00000020c80b0000, 0x00000020ca840000)
 End Bits:   [0x00000020ca840000, 0x00000020ccfd0000)

Polling page: 0x00000020b8070000

CodeCache: size=245760Kb used=61004Kb max_used=61178Kb free=184756Kb
 bounds [0x00000020b80a0000, 0x00000020bbcd0000, 0x00000020c70a0000]
 total_blobs=16323 nmethods=15722 adapters=512
 compilation: enabled

Compilation events (10 events):
Event: 11473.756 Thread 0x00000020cdf1f800 nmethod 20765 0x00000020b8aa7590 code [0x00000020b8aa7700, 0x00000020b8aa7930]
Event: 11473.756 Thread 0x00000020cdf1f800 20766       3       org.springframework.boot.devtools.filewatch.FileSystemWatcher$Watcher::fireListeners (40 bytes)
Event: 11473.757 Thread 0x00000020cdf1f800 nmethod 20766 0x00000020ba9e5c90 code [0x00000020ba9e5e40, 0x00000020ba9e6460]
Event: 11473.777 Thread 0x00000020cdf1f800 20767       3       org.springframework.boot.devtools.filewatch.FileSystemWatcher$Watcher::updateSnapshots (140 bytes)
Event: 11473.780 Thread 0x00000020cdf1f800 nmethod 20767 0x00000020ba80aad0 code [0x00000020ba80ae20, 0x00000020ba80c880]
Event: 11473.865 Thread 0x00000020cdf1f800 20768       3       java.text.Format::<init> (5 bytes)
Event: 11473.865 Thread 0x00000020cdf1f800 nmethod 20768 0x00000020b97b1790 code [0x00000020b97b18e0, 0x00000020b97b1a98]
Event: 11473.867 Thread 0x00000020cdf1f800 20769  s    3       org.apache.catalina.valves.ValveBase::stopInternal (8 bytes)
Event: 11473.868 Thread 0x00000020cdf1f800 nmethod 20769 0x00000020ba8ab410 code [0x00000020ba8ab580, 0x00000020ba8abb10]
Event: 11473.917 Thread 0x00000020cdf1f800 20770   !   3       org.apache.catalina.core.StandardPipeline::removeValve (193 bytes)

GC Heap History (10 events):
Event: 6721.107 GC heap after
Heap after GC invocations=65 (full 21):
 PSYoungGen      total 720384K, used 19304K [0x000000078b400000, 0x00000007bdd80000, 0x00000007c0000000)
  eden space 700928K, 0% used [0x000000078b400000,0x000000078b400000,0x00000007b6080000)
  from space 19456K, 99% used [0x00000007bca80000,0x00000007bdd5a090,0x00000007bdd80000)
  to   space 29696K, 0% used [0x00000007ba380000,0x00000007ba380000,0x00000007bc080000)
 ParOldGen       total 271872K, used 151890K [0x0000000721c00000, 0x0000000732580000, 0x000000078b400000)
  object space 271872K, 55% used [0x0000000721c00000,0x000000072b054ac0,0x0000000732580000)
 Metaspace       used 95306K, capacity 103658K, committed 103720K, reserved 1140736K
  class space    used 11536K, capacity 13327K, committed 13352K, reserved 1048576K
}
Event: 11239.609 GC heap before
{Heap before GC invocations=66 (full 21):
 PSYoungGen      total 720384K, used 720232K [0x000000078b400000, 0x00000007bdd80000, 0x00000007c0000000)
  eden space 700928K, 100% used [0x000000078b400000,0x00000007b6080000,0x00000007b6080000)
  from space 19456K, 99% used [0x00000007bca80000,0x00000007bdd5a090,0x00000007bdd80000)
  to   space 29696K, 0% used [0x00000007ba380000,0x00000007ba380000,0x00000007bc080000)
 ParOldGen       total 271872K, used 151890K [0x0000000721c00000, 0x0000000732580000, 0x000000078b400000)
  object space 271872K, 55% used [0x0000000721c00000,0x000000072b054ac0,0x0000000732580000)
 Metaspace       used 95724K, capacity 104126K, committed 104360K, reserved 1140736K
  class space    used 11583K, capacity 13382K, committed 13480K, reserved 1048576K
Event: 11239.652 GC heap after
Heap after GC invocations=66 (full 21):
 PSYoungGen      total 697856K, used 26128K [0x000000078b400000, 0x00000007bcb00000, 0x00000007c0000000)
  eden space 671232K, 0% used [0x000000078b400000,0x000000078b400000,0x00000007b4380000)
  from space 26624K, 98% used [0x00000007ba380000,0x00000007bbd043c8,0x00000007bbd80000)
  to   space 13824K, 0% used [0x00000007bbd80000,0x00000007bbd80000,0x00000007bcb00000)
 ParOldGen       total 271872K, used 151898K [0x0000000721c00000, 0x0000000732580000, 0x000000078b400000)
  object space 271872K, 55% used [0x0000000721c00000,0x000000072b056ac0,0x0000000732580000)
 Metaspace       used 95724K, capacity 104126K, committed 104360K, reserved 1140736K
  class space    used 11583K, capacity 13382K, committed 13480K, reserved 1048576K
}
Event: 11342.214 GC heap before
{Heap before GC invocations=67 (full 21):
 PSYoungGen      total 697856K, used 697351K [0x000000078b400000, 0x00000007bcb00000, 0x00000007c0000000)
  eden space 671232K, 99% used [0x000000078b400000,0x00000007b437d8d8,0x00000007b4380000)
  from space 26624K, 98% used [0x00000007ba380000,0x00000007bbd043c8,0x00000007bbd80000)
  to   space 13824K, 0% used [0x00000007bbd80000,0x00000007bbd80000,0x00000007bcb00000)
 ParOldGen       total 271872K, used 151898K [0x0000000721c00000, 0x0000000732580000, 0x000000078b400000)
  object space 271872K, 55% used [0x0000000721c00000,0x000000072b056ac0,0x0000000732580000)
 Metaspace       used 96715K, capacity 105418K, committed 105512K, reserved 1140736K
  class space    used 11687K, capacity 13564K, committed 13608K, reserved 1048576K
Event: 11342.277 GC heap after
Heap after GC invocations=67 (full 21):
 PSYoungGen      total 656896K, used 13800K [0x000000078b400000, 0x00000007bcb00000, 0x00000007c0000000)
  eden space 643072K, 0% used [0x000000078b400000,0x000000078b400000,0x00000007b2800000)
  from space 13824K, 99% used [0x00000007bbd80000,0x00000007bcafa090,0x00000007bcb00000)
  to   space 35840K, 0% used [0x00000007b8500000,0x00000007b8500000,0x00000007ba800000)
 ParOldGen       total 271872K, used 171586K [0x0000000721c00000, 0x0000000732580000, 0x000000078b400000)
  object space 271872K, 63% used [0x0000000721c00000,0x000000072c3909a0,0x0000000732580000)
 Metaspace       used 96715K, capacity 105418K, committed 105512K, reserved 1140736K
  class space    used 11687K, capacity 13564K, committed 13608K, reserved 1048576K
}
Event: 11400.698 GC heap before
{Heap before GC invocations=68 (full 21):
 PSYoungGen      total 656896K, used 656872K [0x000000078b400000, 0x00000007bcb00000, 0x00000007c0000000)
  eden space 643072K, 100% used [0x000000078b400000,0x00000007b2800000,0x00000007b2800000)
  from space 13824K, 99% used [0x00000007bbd80000,0x00000007bcafa090,0x00000007bcb00000)
  to   space 35840K, 0% used [0x00000007b8500000,0x00000007b8500000,0x00000007ba800000)
 ParOldGen       total 271872K, used 171586K [0x0000000721c00000, 0x0000000732580000, 0x000000078b400000)
  object space 271872K, 63% used [0x0000000721c00000,0x000000072c3909a0,0x0000000732580000)
 Metaspace       used 98182K, capacity 107094K, committed 107304K, reserved 1142784K
  class space    used 11826K, capacity 13783K, committed 13864K, reserved 1048576K
Event: 11400.741 GC heap after
Heap after GC invocations=68 (full 21):
 PSYoungGen      total 649216K, used 33025K [0x000000078b400000, 0x00000007bbe00000, 0x00000007c0000000)
  eden space 615936K, 0% used [0x000000078b400000,0x000000078b400000,0x00000007b0d80000)
  from space 33280K, 99% used [0x00000007b8500000,0x00000007ba540558,0x00000007ba580000)
  to   space 25088K, 0% used [0x00000007ba580000,0x00000007ba580000,0x00000007bbe00000)
 ParOldGen       total 271872K, used 171594K [0x0000000721c00000, 0x0000000732580000, 0x000000078b400000)
  object space 271872K, 63% used [0x0000000721c00000,0x000000072c3929a0,0x0000000732580000)
 Metaspace       used 98182K, capacity 107094K, committed 107304K, reserved 1142784K
  class space    used 11826K, capacity 13783K, committed 13864K, reserved 1048576K
}
Event: 11473.918 GC heap before
{Heap before GC invocations=69 (full 21):
 PSYoungGen      total 649216K, used 576037K [0x000000078b400000, 0x00000007bbe00000, 0x00000007c0000000)
  eden space 615936K, 88% used [0x000000078b400000,0x00000007ac649270,0x00000007b0d80000)
  from space 33280K, 99% used [0x00000007b8500000,0x00000007ba540558,0x00000007ba580000)
  to   space 25088K, 0% used [0x00000007ba580000,0x00000007ba580000,0x00000007bbe00000)
 ParOldGen       total 271872K, used 171594K [0x0000000721c00000, 0x0000000732580000, 0x000000078b400000)
  object space 271872K, 63% used [0x0000000721c00000,0x000000072c3929a0,0x0000000732580000)
 Metaspace       used 98943K, capacity 107952K, committed 108200K, reserved 1142784K
  class space    used 11885K, capacity 13874K, committed 13992K, reserved 1048576K
Event: 11474.029 GC heap after
Heap after GC invocations=69 (full 21):
 PSYoungGen      total 641024K, used 25064K [0x000000078b400000, 0x00000007bbe00000, 0x00000007c0000000)
  eden space 615936K, 0% used [0x000000078b400000,0x000000078b400000,0x00000007b0d80000)
  from space 25088K, 99% used [0x00000007ba580000,0x00000007bbdfa090,0x00000007bbe00000)
  to   space 43008K, 0% used [0x00000007b6a00000,0x00000007b6a00000,0x00000007b9400000)
 ParOldGen       total 271872K, used 182496K [0x0000000721c00000, 0x0000000732580000, 0x000000078b400000)
  object space 271872K, 67% used [0x0000000721c00000,0x000000072ce380b8,0x0000000732580000)
 Metaspace       used 98943K, capacity 107952K, committed 108200K, reserved 1142784K
  class space    used 11885K, capacity 13874K, committed 13992K, reserved 1048576K
}
Event: 11474.029 GC heap before
{Heap before GC invocations=70 (full 22):
 PSYoungGen      total 641024K, used 25064K [0x000000078b400000, 0x00000007bbe00000, 0x00000007c0000000)
  eden space 615936K, 0% used [0x000000078b400000,0x000000078b400000,0x00000007b0d80000)
  from space 25088K, 99% used [0x00000007ba580000,0x00000007bbdfa090,0x00000007bbe00000)
  to   space 43008K, 0% used [0x00000007b6a00000,0x00000007b6a00000,0x00000007b9400000)
 ParOldGen       total 271872K, used 182496K [0x0000000721c00000, 0x0000000732580000, 0x000000078b400000)
  object space 271872K, 67% used [0x0000000721c00000,0x000000072ce380b8,0x0000000732580000)
 Metaspace       used 98943K, capacity 107952K, committed 108200K, reserved 1142784K
  class space    used 11885K, capacity 13874K, committed 13992K, reserved 1048576K

Deoptimization events (10 events):
Event: 3896.545 Thread 0x00000020d5ac2000 Uncommon trap: reason=null_check action=make_not_entrant pc=0x00000020bb6adc04 method=org.springframework.boot.context.properties.bind.Binder.getAggregateBinder(Lorg/springframework/boot/context/properties/bind/Bindable;Lorg/springframework/boot/context/p
Event: 3965.193 Thread 0x00000020d5ac1000 Uncommon trap: reason=unstable_if action=reinterpret pc=0x00000020b8f90704 method=java.lang.ref.SoftReference.get()Ljava/lang/Object; @ 6
Event: 3970.508 Thread 0x00000020d5c9e000 Uncommon trap: reason=null_check action=make_not_entrant pc=0x00000020bb5d1dfc method=java.lang.Class.getGenericSuperclass()Ljava/lang/reflect/Type; @ 10
Event: 3996.017 Thread 0x00000020d5c99800 Uncommon trap: reason=unstable_if action=reinterpret pc=0x00000020bb1199cc method=java.util.concurrent.ScheduledThreadPoolExecutor$DelayedWorkQueue.finishPoll(Ljava/util/concurrent/RunnableScheduledFuture;)Ljava/util/concurrent/RunnableScheduledFuture; @ 
Event: 3996.419 Thread 0x00000020d5c9c800 Uncommon trap: reason=unstable_if action=reinterpret pc=0x00000020b8fd65e0 method=java.lang.ref.SoftReference.get()Ljava/lang/Object; @ 6
Event: 4010.225 Thread 0x00000020d5ca6000 Uncommon trap: reason=null_check action=make_not_entrant pc=0x00000020bb539c90 method=java.lang.Class.getGenericSuperclass()Ljava/lang/reflect/Type; @ 10
Event: 4348.246 Thread 0x00000020d5ac4000 Uncommon trap: reason=range_check action=make_not_entrant pc=0x00000020bb61cb2c method=java.lang.String.charAt(I)C @ 27
Event: 4376.403 Thread 0x00000020d5ac0800 Uncommon trap: reason=unstable_if action=reinterpret pc=0x00000020b9b961a0 method=java.util.Optional.orElseGet(Ljava/util/function/Supplier;)Ljava/lang/Object; @ 4
Event: 4376.756 Thread 0x00000020d5ac0800 Uncommon trap: reason=null_check action=make_not_entrant pc=0x00000020bb836ab0 method=org.hibernate.annotations.common.reflection.java.generics.TypeUtils.isCollectionClass(Ljava/lang/Class;)Z @ 3
Event: 11239.394 Thread 0x00000020d5c9a000 Uncommon trap: reason=null_check action=make_not_entrant pc=0x00000020bb9eea28 method=org.hibernate.annotations.common.reflection.java.generics.TypeUtils.isCollectionClass(Ljava/lang/Class;)Z @ 12

Classes redefined (0 events):
No events

Internal exceptions (10 events):
Event: 11423.797 Thread 0x00000020d5ca3000 Exception <a 'java/lang/ClassNotFoundException': java/lang/ObjectCustomizer> (0x000000079b2c9718) thrown at [C:\jenkins\workspace\8-2-build-windows-amd64-cygwin\jdk8u271\605\hotspot\src\share\vm\classfile\systemDictionary.cpp, line 212]
Event: 11423.798 Thread 0x00000020d5ca3000 Exception <a 'java/lang/ClassNotFoundException': com/tra/proyektra/entities/KendaraanCustomizer> (0x000000079b2e7060) thrown at [C:\jenkins\workspace\8-2-build-windows-amd64-cygwin\jdk8u271\605\hotspot\src\share\vm\classfile\systemDictionary.cpp, line 212
Event: 11423.801 Thread 0x00000020d5ca3000 Exception <a 'java/lang/ClassNotFoundException': java/lang/ObjectCustomizer> (0x000000079b334308) thrown at [C:\jenkins\workspace\8-2-build-windows-amd64-cygwin\jdk8u271\605\hotspot\src\share\vm\classfile\systemDictionary.cpp, line 212]
Event: 11423.802 Thread 0x00000020d5ca3000 Exception <a 'java/lang/ClassNotFoundException': com/tra/proyektra/entities/TujuandinasCustomizer> (0x000000079b352aa8) thrown at [C:\jenkins\workspace\8-2-build-windows-amd64-cygwin\jdk8u271\605\hotspot\src\share\vm\classfile\systemDictionary.cpp, line 2
Event: 11423.838 Thread 0x00000020d5ca3000 Exception <a 'java/lang/ClassNotFoundException': com/tra/proyektra/config/PengajuanListCustomizer> (0x000000079b6b9ff0) thrown at [C:\jenkins\workspace\8-2-build-windows-amd64-cygwin\jdk8u271\605\hotspot\src\share\vm\classfile\systemDictionary.cpp, line 2
Event: 11423.852 Thread 0x00000020d5ca3000 Exception <a 'java/lang/ClassNotFoundException': java/lang/ObjectCustomizer> (0x000000079b759720) thrown at [C:\jenkins\workspace\8-2-build-windows-amd64-cygwin\jdk8u271\605\hotspot\src\share\vm\classfile\systemDictionary.cpp, line 212]
Event: 11423.853 Thread 0x00000020d5ca3000 Exception <a 'java/lang/ClassNotFoundException': com/tra/proyektra/entities/PerjalananCustomizer> (0x000000079b7777d0) thrown at [C:\jenkins\workspace\8-2-build-windows-amd64-cygwin\jdk8u271\605\hotspot\src\share\vm\classfile\systemDictionary.cpp, line 21
Event: 11423.958 Thread 0x00000020d5ca3000 Exception <a 'java/io/FileNotFoundException'> (0x000000079bdb4148) thrown at [C:\jenkins\workspace\8-2-build-windows-amd64-cygwin\jdk8u271\605\hotspot\src\share\vm\prims\jni.cpp, line 710]
Event: 11423.958 Thread 0x00000020d5ca3000 Exception <a 'java/io/FileNotFoundException'> (0x000000079bdb4eb8) thrown at [C:\jenkins\workspace\8-2-build-windows-amd64-cygwin\jdk8u271\605\hotspot\src\share\vm\prims\jni.cpp, line 710]
Event: 11473.917 Thread 0x00000020d5ca6000 Exception <a 'java/lang/InterruptedException': sleep interrupted> (0x00000007ac5af2f0) thrown at [C:\jenkins\workspace\8-2-build-windows-amd64-cygwin\jdk8u271\605\hotspot\src\share\vm\prims\jvm.cpp, line 3346]

Events (10 events):
Event: 11473.917 Executing VM operation: RevokeBias
Event: 11473.917 Executing VM operation: RevokeBias done
Event: 11473.917 Executing VM operation: RevokeBias
Event: 11473.917 Executing VM operation: RevokeBias done
Event: 11473.917 Executing VM operation: RevokeBias
Event: 11473.917 Executing VM operation: RevokeBias done
Event: 11473.917 Thread 0x00000020d5ca6000 Thread exited: 0x00000020d5ca6000
Event: 11473.917 Executing VM operation: RevokeBias
Event: 11473.917 Executing VM operation: RevokeBias done
Event: 11473.918 Executing VM operation: ParallelGCSystemGC


Dynamic libraries:
0x00007ff7ad660000 - 0x00007ff7ad6a7000 	C:\Program Files\Java\jdk1.8.0_271\bin\java.exe
0x00007fff48560000 - 0x00007fff4870d000 	C:\Windows\SYSTEM32\ntdll.dll
0x00007fff469c0000 - 0x00007fff46aff000 	C:\Windows\system32\KERNEL32.DLL
0x00007fff45ac0000 - 0x00007fff45bd5000 	C:\Windows\system32\KERNELBASE.dll
0x00007fff44030000 - 0x00007fff440be000 	C:\Windows\system32\apphelp.dll
0x00007fff30f20000 - 0x00007fff30f75000 	C:\Windows\AppPatch\AppPatch64\AcGenral.DLL
0x00007fff45e10000 - 0x00007fff45eba000 	C:\Windows\system32\msvcrt.dll
0x00007fff45a90000 - 0x00007fff45abe000 	C:\Windows\system32\SspiCli.dll
0x00007fff45f00000 - 0x00007fff45f54000 	C:\Windows\system32\SHLWAPI.dll
0x00007fff46c80000 - 0x00007fff46df7000 	C:\Windows\system32\USER32.dll
0x00007fff46570000 - 0x00007fff46705000 	C:\Windows\system32\ole32.dll
0x00007fff47030000 - 0x00007fff4855e000 	C:\Windows\system32\SHELL32.dll
0x00007fff44bd0000 - 0x00007fff44bf1000 	C:\Windows\SYSTEM32\USERENV.dll
0x00007fff46030000 - 0x00007fff460da000 	C:\Windows\system32\ADVAPI32.dll
0x00007fff39b10000 - 0x00007fff39b2e000 	C:\Windows\SYSTEM32\MPR.dll
0x00007fff46140000 - 0x00007fff46280000 	C:\Windows\system32\RPCRT4.dll
0x00007fff46780000 - 0x00007fff467d8000 	C:\Windows\SYSTEM32\sechost.dll
0x00007fff46280000 - 0x00007fff46491000 	C:\Windows\SYSTEM32\combase.dll
0x00007fff46b30000 - 0x00007fff46c7d000 	C:\Windows\system32\GDI32.dll
0x00007fff45680000 - 0x00007fff45695000 	C:\Windows\SYSTEM32\profapi.dll
0x00007fff431a0000 - 0x00007fff43252000 	C:\Windows\SYSTEM32\SHCORE.dll
0x00007fff45ec0000 - 0x00007fff45ef6000 	C:\Windows\system32\IMM32.DLL
0x00007fff46ed0000 - 0x00007fff47021000 	C:\Windows\system32\MSCTF.dll
0x00007fff42cd0000 - 0x00007fff42f4b000 	C:\Windows\WinSxS\amd64_microsoft.windows.common-controls_6595b64144ccf1df_6.0.9600.19394_none_62486577ecb635cf\COMCTL32.dll
0x00007fff3a5a0000 - 0x00007fff3a5b5000 	C:\Program Files\Java\jdk1.8.0_271\jre\bin\vcruntime140.dll
0x00007fff36c10000 - 0x00007fff36c14000 	C:\Program Files\Java\jdk1.8.0_271\jre\bin\api-ms-win-crt-runtime-l1-1-0.dll
0x00007fff36c00000 - 0x00007fff36c03000 	C:\Program Files\Java\jdk1.8.0_271\jre\bin\api-ms-win-crt-heap-l1-1-0.dll
0x00007fff3a580000 - 0x00007fff3a584000 	C:\Program Files\Java\jdk1.8.0_271\jre\bin\api-ms-win-crt-string-l1-1-0.dll
0x00007fff3a590000 - 0x00007fff3a594000 	C:\Program Files\Java\jdk1.8.0_271\jre\bin\api-ms-win-crt-stdio-l1-1-0.dll
0x00007fff36b20000 - 0x00007fff36b24000 	C:\Program Files\Java\jdk1.8.0_271\jre\bin\api-ms-win-crt-convert-l1-1-0.dll
0x00007fff27cc0000 - 0x00007fff27dba000 	C:\Program Files\Java\jdk1.8.0_271\jre\bin\ucrtbase.DLL
0x00007fff2d2d0000 - 0x00007fff2d36b000 	C:\Program Files\Java\jdk1.8.0_271\jre\bin\msvcp140.dll
0x00007fff35cd0000 - 0x00007fff35cd3000 	C:\Program Files\Java\jdk1.8.0_271\jre\bin\api-ms-win-crt-locale-l1-1-0.dll
0x00007fff37c30000 - 0x00007fff37c35000 	C:\Program Files\Java\jdk1.8.0_271\jre\bin\api-ms-win-crt-math-l1-1-0.dll
0x00007fff36c20000 - 0x00007fff36c23000 	C:\Program Files\Java\jdk1.8.0_271\jre\bin\api-ms-win-crt-filesystem-l1-1-0.dll
0x00007fff367b0000 - 0x00007fff367b3000 	C:\Program Files\Java\jdk1.8.0_271\jre\bin\api-ms-win-crt-time-l1-1-0.dll
0x00007fff3a570000 - 0x00007fff3a573000 	C:\Program Files\Java\jdk1.8.0_271\jre\bin\api-ms-win-crt-environment-l1-1-0.dll
0x00007fff37270000 - 0x00007fff37273000 	C:\Program Files\Java\jdk1.8.0_271\jre\bin\api-ms-win-crt-utility-l1-1-0.dll
0x0000000068bf0000 - 0x000000006945f000 	C:\Program Files\Java\jdk1.8.0_271\jre\bin\server\jvm.dll
0x00007fff3a5c0000 - 0x00007fff3a5c9000 	C:\Windows\SYSTEM32\WSOCK32.dll
0x00007fff39320000 - 0x00007fff39342000 	C:\Windows\SYSTEM32\WINMM.dll
0x00007fff3d3c0000 - 0x00007fff3d3ca000 	C:\Windows\SYSTEM32\VERSION.dll
0x00007fff45c40000 - 0x00007fff45c47000 	C:\Windows\system32\PSAPI.DLL
0x00007fff45be0000 - 0x00007fff45c3a000 	C:\Windows\system32\WS2_32.dll
0x00007fff38f50000 - 0x00007fff38f7a000 	C:\Windows\SYSTEM32\WINMMBASE.dll
0x00007fff45f60000 - 0x00007fff45f69000 	C:\Windows\system32\NSI.dll
0x00007fff45a40000 - 0x00007fff45a8f000 	C:\Windows\SYSTEM32\cfgmgr32.dll
0x00007fff444a0000 - 0x00007fff444c8000 	C:\Windows\SYSTEM32\DEVOBJ.dll
0x00007fff35ce0000 - 0x00007fff35cf0000 	C:\Program Files\Java\jdk1.8.0_271\jre\bin\verify.dll
0x00007fff33900000 - 0x00007fff3392b000 	C:\Program Files\Java\jdk1.8.0_271\jre\bin\java.dll
0x00007fff340f0000 - 0x00007fff34108000 	C:\Program Files\Java\jdk1.8.0_271\jre\bin\zip.dll
0x00007fff39ed0000 - 0x00007fff39edd000 	C:\Program Files\Java\jdk1.8.0_271\jre\bin\management.dll
0x00007fff32f50000 - 0x00007fff32f6c000 	C:\Program Files\Java\jdk1.8.0_271\jre\bin\net.dll
0x00007fff450e0000 - 0x00007fff45139000 	C:\Windows\system32\mswsock.dll
0x00007fff38860000 - 0x00007fff38875000 	C:\Windows\system32\napinsp.dll
0x00007fff38840000 - 0x00007fff3885a000 	C:\Windows\system32\pnrpnsp.dll
0x00007fff43cd0000 - 0x00007fff43ceb000 	C:\Windows\system32\NLAapi.dll
0x00007fff44c50000 - 0x00007fff44cf4000 	C:\Windows\SYSTEM32\DNSAPI.dll
0x00007fff38830000 - 0x00007fff3883d000 	C:\Windows\System32\winrnr.dll
0x00007fff3be00000 - 0x00007fff3be0a000 	C:\Windows\System32\rasadhlp.dll
0x00007fff3f690000 - 0x00007fff3f6ba000 	C:\Windows\SYSTEM32\IPHLPAPI.DLL
0x00007fff43e50000 - 0x00007fff43e5a000 	C:\Windows\SYSTEM32\WINNSI.DLL
0x00007fff3f230000 - 0x00007fff3f29b000 	C:\Windows\System32\fwpuclnt.dll
0x00007fff311e0000 - 0x00007fff311f3000 	C:\Program Files\Java\jdk1.8.0_271\jre\bin\nio.dll
0x00007fff45180000 - 0x00007fff451a0000 	C:\Windows\SYSTEM32\CRYPTSP.dll
0x00007fff44ae0000 - 0x00007fff44b16000 	C:\Windows\system32\rsaenh.dll
0x00007fff45230000 - 0x00007fff45256000 	C:\Windows\SYSTEM32\bcrypt.dll
0x00007fff45550000 - 0x00007fff455b3000 	C:\Windows\system32\bcryptprimitives.dll
0x00007fff455c0000 - 0x00007fff455cb000 	C:\Windows\SYSTEM32\CRYPTBASE.dll
0x00007fff3eee0000 - 0x00007fff3eef6000 	C:\Windows\SYSTEM32\dhcpcsvc6.DLL
0x00007fff3f360000 - 0x00007fff3f37a000 	C:\Windows\SYSTEM32\dhcpcsvc.DLL
0x00007fff2a850000 - 0x00007fff2a9d9000 	C:\Windows\SYSTEM32\dbghelp.dll

VM Arguments:
java_command: com.tra.proyektra.ProyektraApplication
java_class_path (initial): C:\Users\asus\Documents\NetBeansProjects\proyektra\target\classes;C:\Users\asus\.m2\repository\org\springframework\boot\spring-boot-starter-data-jdbc\2.2.11.RELEASE\spring-boot-starter-data-jdbc-2.2.11.RELEASE.jar;C:\Users\asus\.m2\repository\org\springframework\boot\spring-boot-starter-jdbc\2.2.11.RELEASE\spring-boot-starter-jdbc-2.2.11.RELEASE.jar;C:\Users\asus\.m2\repository\com\zaxxer\HikariCP\3.4.5\HikariCP-3.4.5.jar;C:\Users\asus\.m2\repository\org\springframework\spring-jdbc\5.2.10.RELEASE\spring-jdbc-5.2.10.RELEASE.jar;C:\Users\asus\.m2\repository\org\springframework\data\spring-data-jdbc\1.1.11.RELEASE\spring-data-jdbc-1.1.11.RELEASE.jar;C:\Users\asus\.m2\repository\org\springframework\data\spring-data-relational\1.1.11.RELEASE\spring-data-relational-1.1.11.RELEASE.jar;C:\Users\asus\.m2\repository\org\springframework\data\spring-data-commons\2.2.11.RELEASE\spring-data-commons-2.2.11.RELEASE.jar;C:\Users\asus\.m2\repository\org\springframework\spring-tx\5.2.10.RELEASE\spring-tx-5.2.10.RELEASE.jar;C:\Users\asus\.m2\repository\org\springframework\spring-context\5.2.10.RELEASE\spring-context-5.2.10.RELEASE.jar;C:\Users\asus\.m2\repository\org\springframework\spring-beans\5.2.10.RELEASE\spring-beans-5.2.10.RELEASE.jar;C:\Users\asus\.m2\repository\org\springframework\boot\spring-boot-starter-data-jpa\2.2.11.RELEASE\spring-boot-starter-data-jpa-2.2.11.RELEASE.jar;C:\Users\asus\.m2\repository\org\springframework\boot\spring-boot-starter-aop\2.2.11.RELEASE\spring-boot-starter-aop-2.2.11.RELEASE.jar;C:\Users\asus\.m2\repository\org\aspectj\aspectjweaver\1.9.6\aspectjweaver-1.9.6.jar;C:\Users\asus\.m2\repository\jakarta\persistence\jakarta.persistence-api\2.2.3\jakarta.persistence-api-2.2.3.jar;C:\Users\asus\.m2\repository\jakarta\transaction\jakarta.transaction-api\1.3.3\jakarta.transaction-api-1.3.3.jar;C:\Users\asus\.m2\repository\org\hibernate\hibernate-core\5.4.22.Final\hibernate-core-5.4.22.Final.jar;C:\Users\asus\.m2\repository\org\
Launcher Type: SUN_STANDARD

Environment Variables:
JAVA_HOME=C:\Program Files\Java\jdk1.8.0_271
PATH=C:\Program Files (x86)\Common Files\Intel\Shared Files\cpp\bin\Intel64;C:\Program Files (x86)\Common Files\Oracle\Java\javapath;C:\Program Files (x86)\Intel\iCLS Client\;C:\Program Files\Intel\iCLS Client\;C:\Windows\system32;C:\Windows;C:\Windows\System32\Wbem;C:\Windows\System32\WindowsPowerShell\v1.0\;C:\Program Files\Intel\Intel(R) Management Engine Components\DAL;C:\Program Files\Intel\Intel(R) Management Engine Components\IPT;C:\Program Files (x86)\Intel\Intel(R) Management Engine Components\DAL;C:\Program Files (x86)\Intel\Intel(R) Management Engine Components\IPT;C:\xampp\php;C:\ProgramData\ComposerSetup\bin;C:\Program Files\nodejs\;C:\Program Files\Git\cmd;C:\xampp1\php;C:\Users\asus\AppData\Roaming\Composer\vendor\bin;C:\Users\asus\AppData\Roaming\npm;C:\Program Files\Java\jdk1.8.0_271\bin
USERNAME=asus
OS=Windows_NT
PROCESSOR_IDENTIFIER=Intel64 Family 6 Model 69 Stepping 1, GenuineIntel



---------------  S Y S T E M  ---------------

OS: Windows 8.1 , 64 bit Build 9600 (6.3.9600.19843)

CPU:total 4 (initial active 4) (2 cores per cpu, 2 threads per core) family 6 model 69 stepping 1, cmov, cx8, fxsr, mmx, sse, sse2, sse3, ssse3, sse4.1, sse4.2, popcnt, avx, avx2, aes, clmul, erms, lzcnt, ht, tsc, tscinvbit, bmi1, bmi2

Memory: 4k page, physical 10366364k(3904780k free), swap 12429460k(4511060k free)

vm_info: Java HotSpot(TM) 64-Bit Server VM (25.271-b09) for windows-amd64 JRE (1.8.0_271-b09), built on Sep 16 2020 19:14:59 by "" with MS VC++ 15.9 (VS2017)

time: Fri Dec 25 16:29:04 2020
timezone: SE Asia Standard Time
elapsed time: 11474.699011 seconds (0d 3h 11m 14s)

